<?xml version="1.0" encoding="utf-8"?><testsuites name="pytest tests"><testsuite name="pytest" errors="0" failures="0" skipped="0" tests="11" time="3.579" timestamp="2026-06-17T09:51:10.171034+00:00" hostname="agent-env-cb23ccdb-64d2-40e0-921e-13d651ada056"><testcase classname="backend.tests.test_exercises_api.TestRoot" name="test_root_returns_exercises_count_102" time="0.259" /><testcase classname="backend.tests.test_exercises_api.TestExercisesList" name="test_list_all_exercises_count_and_shape" time="0.054" /><testcase classname="backend.tests.test_exercises_api.TestExercisesList" name="test_every_item_has_image_and_images_len_2" time="0.048" /><testcase classname="backend.tests.test_exercises_api.TestExercisesList" name="test_filter_by_muscle_petto" time="0.039" /><testcase classname="backend.tests.test_exercises_api.TestExercisesList" name="test_search_query_panca" time="0.040" /><testcase classname="backend.tests.test_exercises_api.TestExercisesList" name="test_muscle_all_returns_all" time="0.052" /><testcase classname="backend.tests.test_exercises_api.TestImageURLs" name="test_sample_image_urls_return_200" time="2.743" /><testcase classname="backend.tests.test_exercises_api.TestGroups" name="test_groups_returns_11" time="0.040" /><testcase classname="backend.tests.test_exercises_api.TestExerciseDetail" name="test_detail_panca_piana_bilanciere" time="0.040" /><testcase classname="backend.tests.test_exercises_api.TestExerciseDetail" name="test_detail_invalid_id_returns_404" time="0.039" /><testcase classname="backend.tests.test_exercises_api.TestCORS" name="test_cors_header_present" time="0.041" /></testsuite></testsuites>