<?xml version="1.0" encoding="utf-8"?><testsuites name="pytest tests"><testsuite name="pytest" errors="0" failures="0" skipped="0" tests="9" time="0.761" timestamp="2026-06-17T09:18:34.929123+00:00" hostname="agent-env-cb23ccdb-64d2-40e0-921e-13d651ada056"><testcase classname="backend.tests.test_exercises_api.TestRoot" name="test_root_returns_exercises_count_47" time="0.201" /><testcase classname="backend.tests.test_exercises_api.TestExercisesList" name="test_list_all_exercises" time="0.040" /><testcase classname="backend.tests.test_exercises_api.TestExercisesList" name="test_filter_by_muscle_petto" time="0.039" /><testcase classname="backend.tests.test_exercises_api.TestExercisesList" name="test_search_query_panca" time="0.039" /><testcase classname="backend.tests.test_exercises_api.TestExercisesList" name="test_muscle_all_returns_all" time="0.040" /><testcase classname="backend.tests.test_exercises_api.TestGroups" name="test_groups_returns_11" time="0.080" /><testcase classname="backend.tests.test_exercises_api.TestExerciseDetail" name="test_detail_panca_piana_bilanciere" time="0.047" /><testcase classname="backend.tests.test_exercises_api.TestExerciseDetail" name="test_detail_invalid_id_returns_404" time="0.080" /><testcase classname="backend.tests.test_exercises_api.TestCORS" name="test_cors_header_present" time="0.041" /></testsuite></testsuites>